  [1m[36m (1.9ms)[0m  [1mCREATE TABLE "schema_migrations" ("version" varchar NOT NULL) [0m
  [1m[35m (0.5ms)[0m  select sqlite_version(*)
  [1m[36m (1.1ms)[0m  [1mCREATE UNIQUE INDEX "unique_schema_migrations" ON "schema_migrations" ("version")[0m
  [1m[35mActiveRecord::SchemaMigration Load (0.1ms)[0m  SELECT "schema_migrations".* FROM "schema_migrations"
Migrating to CreatePosts (20160530123817)
  [1m[36m (0.2ms)[0m  [1mbegin transaction[0m
  [1m[35m (0.4ms)[0m  CREATE TABLE "posts" ("id" INTEGER PRIMARY KEY AUTOINCREMENT NOT NULL, "caption" varchar, "created_at" datetime NOT NULL, "updated_at" datetime NOT NULL) 
  [1m[36mSQL (0.2ms)[0m  [1mINSERT INTO "schema_migrations" ("version") VALUES (?)[0m  [["version", "20160530123817"]]
  [1m[35m (0.8ms)[0m  commit transaction
  [1m[36mActiveRecord::SchemaMigration Load (0.1ms)[0m  [1mSELECT "schema_migrations".* FROM "schema_migrations"[0m
  [1m[36mActiveRecord::SchemaMigration Load (0.4ms)[0m  [1mSELECT "schema_migrations".* FROM "schema_migrations"[0m
Migrating to AddAttachmentImageToPosts (20160530145957)
  [1m[35m (0.1ms)[0m  begin transaction
  [1m[36m (0.4ms)[0m  [1mALTER TABLE "posts" ADD "image_file_name" varchar[0m
  [1m[35m (0.1ms)[0m  ALTER TABLE "posts" ADD "image_content_type" varchar
  [1m[36m (0.1ms)[0m  [1mALTER TABLE "posts" ADD "image_file_size" integer[0m
  [1m[35m (0.1ms)[0m  ALTER TABLE "posts" ADD "image_updated_at" datetime
  [1m[36mSQL (0.3ms)[0m  [1mINSERT INTO "schema_migrations" ("version") VALUES (?)[0m  [["version", "20160530145957"]]
  [1m[35m (0.7ms)[0m  commit transaction
  [1m[36mActiveRecord::SchemaMigration Load (0.1ms)[0m  [1mSELECT "schema_migrations".* FROM "schema_migrations"[0m


Started GET "/" for ::1 at 2016-05-30 18:08:14 +0100
  [1m[36mActiveRecord::SchemaMigration Load (0.6ms)[0m  [1mSELECT "schema_migrations".* FROM "schema_migrations"[0m
Processing by PostsController#index as HTML
  [1m[35mPost Load (0.6ms)[0m  SELECT "posts".* FROM "posts"
  Rendered posts/index.html.haml within layouts/application (3.5ms)
Completed 200 OK in 369ms (Views: 358.9ms | ActiveRecord: 0.7ms)


Started GET "/assets/jquery.self-660adc51e0224b731d29f575a6f1ec167ba08ad06ed5deca4f1e8654c135bf4c.js?body=1" for ::1 at 2016-05-30 18:08:15 +0100


Started GET "/assets/posts.self-e3b0c44298fc1c149afbf4c8996fb92427ae41e4649b934ca495991b7852b855.css?body=1" for ::1 at 2016-05-30 18:08:15 +0100


Started GET "/assets/application.self-e80e8f2318043e8af94dddc2adad5a4f09739a8ebb323b3ab31cd71d45fd9113.css?body=1" for ::1 at 2016-05-30 18:08:15 +0100


Started GET "/assets/jquery_ujs.self-e87806d0cf4489aeb1bb7288016024e8de67fd18db693fe026fe3907581e53cd.js?body=1" for ::1 at 2016-05-30 18:08:15 +0100


Started GET "/assets/turbolinks.self-c37727e9bd6b2735da5c311aa83fead54ed0be6cc8bd9a65309e9c5abe2cbfff.js?body=1" for ::1 at 2016-05-30 18:08:15 +0100


Started GET "/assets/posts.self-877aef30ae1b040ab8a3aba4e3e309a11d7f2612f44dde450b5c157aa5f95c05.js?body=1" for ::1 at 2016-05-30 18:08:15 +0100


Started GET "/assets/application.self-3b8dabdc891efe46b9a144b400ad69e37d7e5876bdc39dee783419a69d7ca819.js?body=1" for ::1 at 2016-05-30 18:08:15 +0100


Started GET "/posts/new" for ::1 at 2016-05-30 18:08:19 +0100
Processing by PostsController#new as HTML
  Rendered posts/new.html.haml within layouts/application (65.9ms)
Completed 200 OK in 96ms (Views: 90.4ms | ActiveRecord: 0.2ms)


Started POST "/posts" for ::1 at 2016-05-30 18:09:11 +0100
Processing by PostsController#create as HTML
  Parameters: {"utf8"=>"✓", "authenticity_token"=>"xNcn4Rdiq+HGeFlFgzMvWqwyxM5QDn4Y0KDWvKQiTYJ3HoLVNEoXzc4FSbOgYrAuiIIy4IZbXqmQxhAhhmvcXw==", "post"=>{"image"=>#<ActionDispatch::Http::UploadedFile:0x007fdc1777c540 @tempfile=#<Tempfile:/var/folders/s1/sv87gnj97zg5kjfltztfq4rh0000gn/T/RackMultipart20160530-13492-11a9mic.jpg>, @original_filename="dog1.jpg", @content_type="image/jpeg", @headers="Content-Disposition: form-data; name=\"post[image]\"; filename=\"dog1.jpg\"\r\nContent-Type: image/jpeg\r\n">, "caption"=>"Howdy there hairy fella!"}, "commit"=>"Create Post"}
Command :: file -b --mime '/var/folders/s1/sv87gnj97zg5kjfltztfq4rh0000gn/T/6be237a000de33e2076acc5c25c3661720160530-13492-1emr4e6.jpg'
Command :: identify -format '%wx%h,%[exif:orientation]' '/var/folders/s1/sv87gnj97zg5kjfltztfq4rh0000gn/T/6be237a000de33e2076acc5c25c3661720160530-13492-1oo6k6i.jpg[0]' 2>/dev/null
Command :: identify -format %m '/var/folders/s1/sv87gnj97zg5kjfltztfq4rh0000gn/T/6be237a000de33e2076acc5c25c3661720160530-13492-1oo6k6i.jpg[0]'
Command :: convert '/var/folders/s1/sv87gnj97zg5kjfltztfq4rh0000gn/T/6be237a000de33e2076acc5c25c3661720160530-13492-1oo6k6i.jpg[0]' -auto-orient -resize "640" '/var/folders/s1/sv87gnj97zg5kjfltztfq4rh0000gn/T/10bafb96087476d46c49301568e30e1120160530-13492-1c2kd12'
  [1m[36m (0.1ms)[0m  [1mbegin transaction[0m
Command :: file -b --mime '/var/folders/s1/sv87gnj97zg5kjfltztfq4rh0000gn/T/6be237a000de33e2076acc5c25c3661720160530-13492-1f12t0z.jpg'
  [1m[35mSQL (1.0ms)[0m  INSERT INTO "posts" ("caption", "image_file_name", "image_content_type", "image_file_size", "image_updated_at", "created_at", "updated_at") VALUES (?, ?, ?, ?, ?, ?, ?)  [["caption", "Howdy there hairy fella!"], ["image_file_name", "dog1.jpg"], ["image_content_type", "image/jpeg"], ["image_file_size", 85168], ["image_updated_at", "2016-05-30 17:09:11.939820"], ["created_at", "2016-05-30 17:09:12.047676"], ["updated_at", "2016-05-30 17:09:12.047676"]]
  [1m[36m (0.8ms)[0m  [1mcommit transaction[0m
  [1m[35m (0.1ms)[0m  begin transaction
  [1m[36m (0.0ms)[0m  [1mcommit transaction[0m
Redirected to http://localhost:3000/posts/1
Completed 302 Found in 125ms (ActiveRecord: 2.0ms)


Started GET "/posts/1" for ::1 at 2016-05-30 18:09:12 +0100
Processing by PostsController#show as HTML
  Parameters: {"id"=>"1"}
  [1m[35mPost Load (0.2ms)[0m  SELECT  "posts".* FROM "posts" WHERE "posts"."id" = ? LIMIT 1  [["id", 1]]
  Rendered posts/show.html.haml within layouts/application (1.7ms)
Completed 200 OK in 22ms (Views: 15.9ms | ActiveRecord: 0.2ms)


Started GET "/posts/1" for ::1 at 2016-05-30 18:09:46 +0100
Processing by PostsController#show as HTML
  Parameters: {"id"=>"1"}
  [1m[36mPost Load (0.1ms)[0m  [1mSELECT  "posts".* FROM "posts" WHERE "posts"."id" = ? LIMIT 1[0m  [["id", 1]]
  Rendered posts/show.html.haml within layouts/application (0.5ms)
Completed 200 OK in 15ms (Views: 14.5ms | ActiveRecord: 0.1ms)


Started GET "/assets/application.self-e80e8f2318043e8af94dddc2adad5a4f09739a8ebb323b3ab31cd71d45fd9113.css?body=1" for ::1 at 2016-05-30 18:09:46 +0100


Started GET "/assets/jquery.self-660adc51e0224b731d29f575a6f1ec167ba08ad06ed5deca4f1e8654c135bf4c.js?body=1" for ::1 at 2016-05-30 18:09:46 +0100


Started GET "/assets/posts.self-877aef30ae1b040ab8a3aba4e3e309a11d7f2612f44dde450b5c157aa5f95c05.js?body=1" for ::1 at 2016-05-30 18:09:46 +0100


Started GET "/assets/jquery_ujs.self-e87806d0cf4489aeb1bb7288016024e8de67fd18db693fe026fe3907581e53cd.js?body=1" for ::1 at 2016-05-30 18:09:46 +0100


Started GET "/assets/turbolinks.self-c37727e9bd6b2735da5c311aa83fead54ed0be6cc8bd9a65309e9c5abe2cbfff.js?body=1" for ::1 at 2016-05-30 18:09:46 +0100


Started GET "/assets/posts.self-e3b0c44298fc1c149afbf4c8996fb92427ae41e4649b934ca495991b7852b855.css?body=1" for ::1 at 2016-05-30 18:09:46 +0100


Started GET "/assets/application.self-3b8dabdc891efe46b9a144b400ad69e37d7e5876bdc39dee783419a69d7ca819.js?body=1" for ::1 at 2016-05-30 18:09:46 +0100


Started GET "/posts/1" for ::1 at 2016-05-30 18:10:12 +0100
Processing by PostsController#show as HTML
  Parameters: {"id"=>"1"}
  [1m[35mPost Load (0.1ms)[0m  SELECT  "posts".* FROM "posts" WHERE "posts"."id" = ? LIMIT 1  [["id", 1]]
  Rendered posts/show.html.haml within layouts/application (0.6ms)
Completed 200 OK in 17ms (Views: 15.9ms | ActiveRecord: 0.1ms)


Started GET "/assets/posts.self-e3b0c44298fc1c149afbf4c8996fb92427ae41e4649b934ca495991b7852b855.css?body=1" for ::1 at 2016-05-30 18:10:12 +0100


Started GET "/assets/jquery.self-660adc51e0224b731d29f575a6f1ec167ba08ad06ed5deca4f1e8654c135bf4c.js?body=1" for ::1 at 2016-05-30 18:10:12 +0100


Started GET "/assets/application.self-3b8dabdc891efe46b9a144b400ad69e37d7e5876bdc39dee783419a69d7ca819.js?body=1" for ::1 at 2016-05-30 18:10:12 +0100


Started GET "/assets/application.self-e80e8f2318043e8af94dddc2adad5a4f09739a8ebb323b3ab31cd71d45fd9113.css?body=1" for ::1 at 2016-05-30 18:10:12 +0100


Started GET "/assets/jquery_ujs.self-e87806d0cf4489aeb1bb7288016024e8de67fd18db693fe026fe3907581e53cd.js?body=1" for ::1 at 2016-05-30 18:10:12 +0100


Started GET "/assets/turbolinks.self-c37727e9bd6b2735da5c311aa83fead54ed0be6cc8bd9a65309e9c5abe2cbfff.js?body=1" for ::1 at 2016-05-30 18:10:12 +0100


Started GET "/assets/posts.self-877aef30ae1b040ab8a3aba4e3e309a11d7f2612f44dde450b5c157aa5f95c05.js?body=1" for ::1 at 2016-05-30 18:10:12 +0100


Started GET "/index" for ::1 at 2016-05-30 18:12:04 +0100

ActionController::RoutingError (No route matches [GET] "/index"):
  actionpack (4.2.6) lib/action_dispatch/middleware/debug_exceptions.rb:21:in `call'
  web-console (2.3.0) lib/web_console/middleware.rb:28:in `block in call'
  web-console (2.3.0) lib/web_console/middleware.rb:18:in `catch'
  web-console (2.3.0) lib/web_console/middleware.rb:18:in `call'
  actionpack (4.2.6) lib/action_dispatch/middleware/show_exceptions.rb:30:in `call'
  railties (4.2.6) lib/rails/rack/logger.rb:38:in `call_app'
  railties (4.2.6) lib/rails/rack/logger.rb:20:in `block in call'
  activesupport (4.2.6) lib/active_support/tagged_logging.rb:68:in `block in tagged'
  activesupport (4.2.6) lib/active_support/tagged_logging.rb:26:in `tagged'
  activesupport (4.2.6) lib/active_support/tagged_logging.rb:68:in `tagged'
  railties (4.2.6) lib/rails/rack/logger.rb:20:in `call'
  actionpack (4.2.6) lib/action_dispatch/middleware/request_id.rb:21:in `call'
  rack (1.6.4) lib/rack/methodoverride.rb:22:in `call'
  rack (1.6.4) lib/rack/runtime.rb:18:in `call'
  activesupport (4.2.6) lib/active_support/cache/strategy/local_cache_middleware.rb:28:in `call'
  rack (1.6.4) lib/rack/lock.rb:17:in `call'
  actionpack (4.2.6) lib/action_dispatch/middleware/static.rb:120:in `call'
  rack (1.6.4) lib/rack/sendfile.rb:113:in `call'
  railties (4.2.6) lib/rails/engine.rb:518:in `call'
  railties (4.2.6) lib/rails/application.rb:165:in `call'
  rack (1.6.4) lib/rack/lock.rb:17:in `call'
  rack (1.6.4) lib/rack/content_length.rb:15:in `call'
  rack (1.6.4) lib/rack/handler/webrick.rb:88:in `service'
  /Users/adams/.rvm/rubies/ruby-2.2.1/lib/ruby/2.2.0/webrick/httpserver.rb:138:in `service'
  /Users/adams/.rvm/rubies/ruby-2.2.1/lib/ruby/2.2.0/webrick/httpserver.rb:94:in `run'
  /Users/adams/.rvm/rubies/ruby-2.2.1/lib/ruby/2.2.0/webrick/server.rb:294:in `block in start_thread'


  Rendered /Users/adams/.rvm/gems/ruby-2.2.1/gems/actionpack-4.2.6/lib/action_dispatch/middleware/templates/rescues/_trace.html.erb (2.0ms)
  Rendered /Users/adams/.rvm/gems/ruby-2.2.1/gems/actionpack-4.2.6/lib/action_dispatch/middleware/templates/routes/_route.html.erb (1.6ms)
  Rendered /Users/adams/.rvm/gems/ruby-2.2.1/gems/actionpack-4.2.6/lib/action_dispatch/middleware/templates/routes/_table.html.erb (2.6ms)
  Rendered /Users/adams/.rvm/gems/ruby-2.2.1/gems/actionpack-4.2.6/lib/action_dispatch/middleware/templates/rescues/_request_and_response.html.erb (1.9ms)
  Rendered /Users/adams/.rvm/gems/ruby-2.2.1/gems/actionpack-4.2.6/lib/action_dispatch/middleware/templates/rescues/routing_error.html.erb within rescues/layout (83.6ms)
  Rendered /Users/adams/.rvm/gems/ruby-2.2.1/gems/web-console-2.3.0/lib/web_console/templates/_markup.html.erb (0.4ms)
  Rendered /Users/adams/.rvm/gems/ruby-2.2.1/gems/web-console-2.3.0/lib/web_console/templates/_inner_console_markup.html.erb within layouts/inlined_string (0.3ms)
  Rendered /Users/adams/.rvm/gems/ruby-2.2.1/gems/web-console-2.3.0/lib/web_console/templates/_prompt_box_markup.html.erb within layouts/inlined_string (0.3ms)
  Rendered /Users/adams/.rvm/gems/ruby-2.2.1/gems/web-console-2.3.0/lib/web_console/templates/style.css.erb within layouts/inlined_string (0.4ms)
  Rendered /Users/adams/.rvm/gems/ruby-2.2.1/gems/web-console-2.3.0/lib/web_console/templates/console.js.erb within layouts/javascript (46.8ms)
  Rendered /Users/adams/.rvm/gems/ruby-2.2.1/gems/web-console-2.3.0/lib/web_console/templates/main.js.erb within layouts/javascript (0.3ms)
  Rendered /Users/adams/.rvm/gems/ruby-2.2.1/gems/web-console-2.3.0/lib/web_console/templates/error_page.js.erb within layouts/javascript (0.4ms)
  Rendered /Users/adams/.rvm/gems/ruby-2.2.1/gems/web-console-2.3.0/lib/web_console/templates/index.html.erb (104.8ms)


Started GET "/" for ::1 at 2016-05-30 18:12:09 +0100
Processing by PostsController#index as HTML
  [1m[36mPost Load (0.1ms)[0m  [1mSELECT "posts".* FROM "posts"[0m
  Rendered posts/index.html.haml within layouts/application (3.7ms)
Completed 200 OK in 19ms (Views: 17.8ms | ActiveRecord: 0.1ms)
